<?xml version='1.0' encoding='UTF-8'?>
<testsuite hostname="daniel-macbook.local" name="MainSpec" tests="4" errors="0" failures="0" skipped="0" time="0.011" timestamp="2019-08-07T10:37:07">
                     <properties>
[...]
</properties>
                     <testcase classname="MainSpec" name="The add function when called with an empty string should return 0" time="0.009">
                                                 
                                               </testcase><testcase classname="MainSpec" name="The add function when called with a string of 3 numbers separated by commas should return the sum of 1,2,3" time="0.001">
                                                 
                                               </testcase><testcase classname="MainSpec" name="The add function when called with a string of 3 numbers separated by commas should return the sum of 3,4,5" time="0.001">
                                                 
                                               </testcase><testcase classname="MainSpec" name="The add function when called with a string of an unknown amount of numbers separated by commas should return the sum of 1,2,3,4,5,6" time="0.0">
                                                 
                                               </testcase>
                     <system-out><![CDATA[]]></system-out>
                     <system-err><![CDATA[]]></system-err>
                   </testsuite>